<?xml version="1.0" encoding="UTF-8"?>
<!-- Generated by org.testng.reporters.JUnitXMLReporter -->
<testsuite hostname="MohammaAminsAir.cable.rcn.com" ignored="2" name="Test" tests="3" failures="0" timestamp="2022-06-03T23:30:28 EDT" time="0.096" errors="0">
  <testcase name="iphone" time="0.024" classname="com.xml.GroupXml"/>
  <testcase name="mac" time="0.002" classname="com.xml.GroupXml"/>
  <testcase name="pad" time="0.002" classname="com.xml.GroupXml"/>
  <testcase name="samsung" time="0.0" classname="com.xml.GroupXml">
    <ignored/>
  </testcase> <!-- samsung -->
  <testcase name="windows" time="0.0" classname="com.xml.GroupXml">
    <ignored/>
  </testcase> <!-- windows -->
</testsuite> <!-- Test -->
